stb-iptv-singleplayer-sample/build/intermediates/manifest_merge_blame_file/debug/manifest-merger-blame-debug-report.txt
1<?xml version="1.0" encoding="utf-8"?>
2<manifest xmlns:android="http://schemas.android.com/apk/res/android"
3    package="tv.anypoint.lineartv.sample"
4    android:versionCode="1"
5    android:versionName="1.0" >
6
7    <uses-sdk
8        android:minSdkVersion="21"
9        android:targetSdkVersion="34" />
10
11    <queries>
11-->src/main/AndroidManifest.xml:5:5-8:15
12        <package android:name="tv.anypoint.flower.app" />
12-->src/main/AndroidManifest.xml:6:9-57
12-->src/main/AndroidManifest.xml:6:18-55
13
14        <provider android:authorities="tv.anypoint.monitor" />
14-->src/main/AndroidManifest.xml:7:9-63
14-->src/main/AndroidManifest.xml:7:19-60
15    </queries>
16
17    <uses-permission android:name="android.permission.INTERNET" />
17-->src/main/AndroidManifest.xml:10:5-66
17-->src/main/AndroidManifest.xml:10:22-64
18    <uses-permission android:name="android.permission.ACCESS_NETWORK_STATE" />
18-->src/main/AndroidManifest.xml:11:5-78
18-->src/main/AndroidManifest.xml:11:22-76
19
20    <uses-feature
20-->src/main/AndroidManifest.xml:13:5-15:39
21        android:name="android.software.leanback"
21-->src/main/AndroidManifest.xml:14:13-53
22        android:required="false" />
22-->src/main/AndroidManifest.xml:15:13-37
23    <uses-feature
23-->src/main/AndroidManifest.xml:16:5-18:39
24        android:name="android.hardware.touchscreen"
24-->src/main/AndroidManifest.xml:17:13-56
25        android:required="false" />
25-->src/main/AndroidManifest.xml:18:13-37
26
27    <permission
27-->[androidx.core:core:1.13.0] AndroidManifest.xml:22:5-24:47
28        android:name="tv.anypoint.lineartv.sample.DYNAMIC_RECEIVER_NOT_EXPORTED_PERMISSION"
28-->[androidx.core:core:1.13.0] AndroidManifest.xml:23:9-81
29        android:protectionLevel="signature" />
29-->[androidx.core:core:1.13.0] AndroidManifest.xml:24:9-44
30
31    <uses-permission android:name="tv.anypoint.lineartv.sample.DYNAMIC_RECEIVER_NOT_EXPORTED_PERMISSION" />
31-->[androidx.core:core:1.13.0] AndroidManifest.xml:26:5-97
31-->[androidx.core:core:1.13.0] AndroidManifest.xml:26:22-94
32
33    <application
33-->src/main/AndroidManifest.xml:20:5-43:19
34        android:name="tv.anypoint.lineartv.sample.TVApplication"
34-->src/main/AndroidManifest.xml:21:13-42
35        android:appComponentFactory="androidx.core.app.CoreComponentFactory"
35-->[androidx.core:core:1.13.0] AndroidManifest.xml:28:18-86
36        android:debuggable="true"
37        android:extractNativeLibs="true"
38        android:label="@string/app_name"
38-->src/main/AndroidManifest.xml:22:13-45
39        android:supportsRtl="true"
39-->src/main/AndroidManifest.xml:23:13-39
40        android:testOnly="true"
41        android:theme="@style/AppTheme"
41-->src/main/AndroidManifest.xml:24:13-44
42        android:usesCleartextTraffic="true" >
42-->src/main/AndroidManifest.xml:25:13-48
43        <activity
43-->src/main/AndroidManifest.xml:28:9-41:20
44            android:name="tv.anypoint.lineartv.sample.MainActivity"
44-->src/main/AndroidManifest.xml:29:17-45
45            android:banner="@drawable/app_icon_your_company"
45-->src/main/AndroidManifest.xml:30:17-65
46            android:exported="true"
46-->src/main/AndroidManifest.xml:31:17-40
47            android:icon="@drawable/app_icon_your_company"
47-->src/main/AndroidManifest.xml:32:17-63
48            android:logo="@drawable/app_icon_your_company"
48-->src/main/AndroidManifest.xml:33:17-63
49            android:screenOrientation="fullSensor" >
49-->src/main/AndroidManifest.xml:34:17-55
50            <intent-filter>
50-->src/main/AndroidManifest.xml:35:13-40:29
51                <action android:name="android.intent.action.MAIN" />
51-->src/main/AndroidManifest.xml:36:17-68
51-->src/main/AndroidManifest.xml:36:25-66
52
53                <category android:name="android.intent.category.LEANBACK_LAUNCHER" />
53-->src/main/AndroidManifest.xml:38:17-85
53-->src/main/AndroidManifest.xml:38:27-83
54                <category android:name="android.intent.category.LAUNCHER" />
54-->src/main/AndroidManifest.xml:39:17-76
54-->src/main/AndroidManifest.xml:39:27-74
55            </intent-filter>
56        </activity>
57
58        <provider
58-->[androidx.emoji2:emoji2:1.3.0] AndroidManifest.xml:24:9-32:20
59            android:name="androidx.startup.InitializationProvider"
59-->[androidx.emoji2:emoji2:1.3.0] AndroidManifest.xml:25:13-67
60            android:authorities="tv.anypoint.lineartv.sample.androidx-startup"
60-->[androidx.emoji2:emoji2:1.3.0] AndroidManifest.xml:26:13-68
61            android:exported="false" >
61-->[androidx.emoji2:emoji2:1.3.0] AndroidManifest.xml:27:13-37
62            <meta-data
62-->[androidx.emoji2:emoji2:1.3.0] AndroidManifest.xml:29:13-31:52
63                android:name="androidx.emoji2.text.EmojiCompatInitializer"
63-->[androidx.emoji2:emoji2:1.3.0] AndroidManifest.xml:30:17-75
64                android:value="androidx.startup" />
64-->[androidx.emoji2:emoji2:1.3.0] AndroidManifest.xml:31:17-49
65            <meta-data
65-->[androidx.lifecycle:lifecycle-process:2.6.2] AndroidManifest.xml:29:13-31:52
66                android:name="androidx.lifecycle.ProcessLifecycleInitializer"
66-->[androidx.lifecycle:lifecycle-process:2.6.2] AndroidManifest.xml:30:17-78
67                android:value="androidx.startup" />
67-->[androidx.lifecycle:lifecycle-process:2.6.2] AndroidManifest.xml:31:17-49
68            <meta-data
68-->[androidx.profileinstaller:profileinstaller:1.4.0] AndroidManifest.xml:29:13-31:52
69                android:name="androidx.profileinstaller.ProfileInstallerInitializer"
69-->[androidx.profileinstaller:profileinstaller:1.4.0] AndroidManifest.xml:30:17-85
70                android:value="androidx.startup" />
70-->[androidx.profileinstaller:profileinstaller:1.4.0] AndroidManifest.xml:31:17-49
71        </provider>
72
73        <receiver
73-->[androidx.profileinstaller:profileinstaller:1.4.0] AndroidManifest.xml:34:9-52:20
74            android:name="androidx.profileinstaller.ProfileInstallReceiver"
74-->[androidx.profileinstaller:profileinstaller:1.4.0] AndroidManifest.xml:35:13-76
75            android:directBootAware="false"
75-->[androidx.profileinstaller:profileinstaller:1.4.0] AndroidManifest.xml:36:13-44
76            android:enabled="true"
76-->[androidx.profileinstaller:profileinstaller:1.4.0] AndroidManifest.xml:37:13-35
77            android:exported="true"
77-->[androidx.profileinstaller:profileinstaller:1.4.0] AndroidManifest.xml:38:13-36
78            android:permission="android.permission.DUMP" >
78-->[androidx.profileinstaller:profileinstaller:1.4.0] AndroidManifest.xml:39:13-57
79            <intent-filter>
79-->[androidx.profileinstaller:profileinstaller:1.4.0] AndroidManifest.xml:40:13-42:29
80                <action android:name="androidx.profileinstaller.action.INSTALL_PROFILE" />
80-->[androidx.profileinstaller:profileinstaller:1.4.0] AndroidManifest.xml:41:17-91
80-->[androidx.profileinstaller:profileinstaller:1.4.0] AndroidManifest.xml:41:25-88
81            </intent-filter>
82            <intent-filter>
82-->[androidx.profileinstaller:profileinstaller:1.4.0] AndroidManifest.xml:43:13-45:29
83                <action android:name="androidx.profileinstaller.action.SKIP_FILE" />
83-->[androidx.profileinstaller:profileinstaller:1.4.0] AndroidManifest.xml:44:17-85
83-->[androidx.profileinstaller:profileinstaller:1.4.0] AndroidManifest.xml:44:25-82
84            </intent-filter>
85            <intent-filter>
85-->[androidx.profileinstaller:profileinstaller:1.4.0] AndroidManifest.xml:46:13-48:29
86                <action android:name="androidx.profileinstaller.action.SAVE_PROFILE" />
86-->[androidx.profileinstaller:profileinstaller:1.4.0] AndroidManifest.xml:47:17-88
86-->[androidx.profileinstaller:profileinstaller:1.4.0] AndroidManifest.xml:47:25-85
87            </intent-filter>
88            <intent-filter>
88-->[androidx.profileinstaller:profileinstaller:1.4.0] AndroidManifest.xml:49:13-51:29
89                <action android:name="androidx.profileinstaller.action.BENCHMARK_OPERATION" />
89-->[androidx.profileinstaller:profileinstaller:1.4.0] AndroidManifest.xml:50:17-95
89-->[androidx.profileinstaller:profileinstaller:1.4.0] AndroidManifest.xml:50:25-92
90            </intent-filter>
91        </receiver>
92    </application>
93
94</manifest>